<?xml version="1.0" encoding="UTF-8"?>
<!-- Generated by org.testng.reporters.JUnitReportReporter -->
<testsuite hostname="DESKTOP-8SGD1CV" failures="0" tests="1" name="nari.framework.CommonMethods" time="0.075" errors="0" timestamp="04 Nov 2019 10:12:11 GMT" skipped="0">
  <testcase classname="nari.framework.CommonMethods" name="m" time="0.075"/>
</testsuite> <!-- nari.framework.CommonMethods -->
