<?xml version="1.0" encoding="UTF-8"?>
<!-- Generated by org.testng.reporters.JUnitReportReporter -->
<testsuite hostname="DESKTOP-8SGD1CV" failures="0" tests="1" name="nari.framework.Chaithu" time="0.500" errors="0" timestamp="11 Nov 2019 08:15:27 GMT" skipped="0">
  <testcase classname="nari.framework.Chaithu" name="chandra" time="0.500"/>
</testsuite> <!-- nari.framework.Chaithu -->
