<?xml version="1.0" encoding="UTF-8"?>
<!-- Generated by org.testng.reporters.JUnitReportReporter -->
<testsuite hostname="DESKTOP-8SGD1CV" failures="0" tests="1" name="nari.framework.TestNg_Methods" time="0.031" errors="0" timestamp="04 Nov 2019 10:05:25 GMT" skipped="0">
  <testcase classname="nari.framework.TestNg_Methods" name="test" time="0.031"/>
</testsuite> <!-- nari.framework.TestNg_Methods -->
