<?xml version="1.0" encoding="UTF-8"?>
<!-- Generated by org.testng.reporters.JUnitReportReporter -->
<testsuite hostname="DESKTOP-8SGD1CV" failures="0" tests="1" name="na.flipkart.Sam" time="22.548" errors="0" timestamp="2020-01-28T17:45:42 IST" skipped="0">
  <testcase classname="na.flipkart.Sam" name="test" time="22.548"/>
</testsuite> <!-- na.flipkart.Sam -->
