<?xml version="1.0" encoding="UTF-8"?>
<!-- Generated by org.testng.reporters.JUnitReportReporter -->
<testsuite hostname="DESKTOP-8SGD1CV" failures="0" tests="1" name="nari.framework.Data_parameterzation" time="0.635" errors="0" timestamp="12 Nov 2019 06:31:28 GMT" skipped="0">
  <testcase classname="nari.framework.Data_parameterzation" name="method" time="0.635"/>
</testsuite> <!-- nari.framework.Data_parameterzation -->
