<?xml version="1.0" encoding="UTF-8"?>
<!-- Generated by org.testng.reporters.JUnitReportReporter -->
<testsuite hostname="DESKTOP-8SGD1CV" failures="0" tests="1" name="nari.framework.Reports" time="14.489" errors="0" timestamp="10 Nov 2019 15:02:57 GMT" skipped="0">
  <testcase classname="nari.framework.Reports" name="workbook" time="14.489"/>
</testsuite> <!-- nari.framework.Reports -->
