<?xml version="1.0" encoding="UTF-8"?>
<!-- Generated by org.testng.reporters.JUnitReportReporter -->
<testsuite hostname="DESKTOP-8SGD1CV" failures="0" tests="1" name="na.Paytm.Paytm" time="151.343" errors="0" timestamp="2020-02-09T09:02:51 IST" skipped="0">
  <testcase classname="na.Paytm.Paytm" name="paytm_recharge" time="151.343"/>
</testsuite> <!-- na.Paytm.Paytm -->
