<?xml version="1.0" encoding="UTF-8"?>
<!-- Generated by org.testng.reporters.JUnitReportReporter -->
<testsuite hostname="DESKTOP-8SGD1CV" failures="0" tests="2" name="na.flipkart.flipkart" time="167.854" errors="0" timestamp="2020-02-09T09:02:51 IST" skipped="0">
  <testcase classname="na.flipkart.flipkart" name="remove_item" time="80.079"/>
  <testcase classname="na.flipkart.flipkart" name="add_cart" time="87.775"/>
</testsuite> <!-- na.flipkart.flipkart -->
