<?xml version="1.0" encoding="UTF-8"?>
<!-- Generated by org.testng.reporters.JUnitReportReporter -->
<testsuite hostname="DESKTOP-8SGD1CV" failures="0" tests="2" name="na.flipkart.flipkart" time="93.322" errors="0" timestamp="2020-02-08T09:20:39 IST" skipped="0">
  <testcase classname="na.flipkart.flipkart" name="add_cart" time="49.237"/>
  <testcase classname="na.flipkart.flipkart" name="remove_item" time="44.085"/>
</testsuite> <!-- na.flipkart.flipkart -->
